{"level":"error","message":"   Caught exception: Error: listen EADDRINUSE: address already in use :::4000. Exception origin: uncaughtException"}
{"level":"error","message":"   404 User not found"}
{"level":"error","message":"   404 User not found"}
{"level":"error","message":"   Caught exception: Error: listen EADDRINUSE: address already in use :::4000. Exception origin: uncaughtException"}
{"level":"error","message":"   Caught exception: Error: listen EADDRINUSE: address already in use :::4000. Exception origin: uncaughtException"}
{"level":"error","message":"   Caught exception: Error: listen EADDRINUSE: address already in use :::4000. Exception origin: uncaughtException"}
{"level":"error","message":"   Caught exception: Error: listen EADDRINUSE: address already in use :::4000. Exception origin: uncaughtException"}
{"level":"error","message":"   Caught exception: Error: listen EADDRINUSE: address already in use :::4000. Exception origin: uncaughtException"}
{"level":"error","message":"   Caught exception: Error: listen EADDRINUSE: address already in use :::4000. Exception origin: uncaughtException"}
{"level":"error","message":"   404 Missing required login and password fields"}
{"level":"error","message":"   500 Server Error"}
{"level":"error","message":"   404 User is not found"}
{"level":"error","message":"   500 Server Error"}
{"level":"error","message":"   500 Server Error"}
{"level":"error","message":"   500 Server Error"}
{"level":"error","message":"   500 Server Error"}
{"level":"error","message":"   500 Server Error"}
{"level":"error","message":"   500 Server Error"}
{"level":"error","message":"   500 Server Error"}
{"level":"error","message":"   500 Server Error"}
{"level":"error","message":"   500 Server Error"}
{"level":"error","message":"   500 Server Error"}
{"level":"error","message":"   500 Server Error"}
{"level":"error","message":"   500 Server Error"}
{"level":"error","message":"   500 Server Error"}
{"level":"error","message":"   500 Server Error"}
{"level":"error","message":"   500 Server Error"}
{"level":"error","message":"   500 Server Error"}
{"level":"error","message":"   500 Server Error"}
{"level":"error","message":"   500 Server Error"}
{"level":"error","message":"   404 User is not found"}
{"level":"error","message":"   404 User is not found"}
{"level":"error","message":"   404 Missing required title and order fields"}
{"level":"error","message":"   404 Missing required title and order fields"}
{"level":"error","message":"   404 Missing required title and order fields"}
{"level":"error","message":"   404 Task is not found"}
{"level":"error","message":"   404 Missing required title and order fields"}
{"level":"error","message":"   404 Missing required title and order fields"}
{"level":"error","message":"   404 Missing required title and order fields"}
{"level":"error","message":"   404 Task is not found"}
{"level":"error","message":"   400 Bad Request"}
{"level":"error","message":"   400 Bad Request"}
{"level":"error","message":"   400 Bad Request"}
{"level":"error","message":"   undefined NO_CONTENT is not defined"}
{"level":"error","message":"   400 Bad Request"}
{"level":"error","message":"   undefined NO_CONTENT is not defined"}
{"level":"error","message":"   undefined NO_CONTENT is not defined"}
{"level":"error","message":"   undefined NO_CONTENT is not defined"}
{"level":"error","message":"   400 Bad Request"}
{"level":"error","message":"   undefined NO_CONTENT is not defined"}
{"level":"error","message":"   400 Bad Request"}
{"level":"error","message":"   undefined NO_CONTENT is not defined"}
{"level":"error","message":"   400 Bad Request"}
{"level":"error","message":"   400 Bad Request"}
{"level":"error","message":"   400 Bad Request"}
{"level":"error","message":"   400 Bad Request"}
{"level":"error","message":"   400 Bad Request"}
{"level":"error","message":"   404 Board is not found"}
{"level":"error","message":"   400 Bad Request"}
{"level":"error","message":"   404 Board is not found"}
